<?xml version="1.0" encoding="UTF-8"?>
<testsuite xmlns:xsi="http://www.w3.org/2001/XMLSchema-instance" xsi:noNamespaceSchemaLocation="https://maven.apache.org/surefire/maven-surefire-plugin/xsd/surefire-test-report-3.0.xsd" version="3.0" name="org.example.LessonsTest" time="0.177" tests="4" errors="0" skipped="0" failures="0">
  <properties>
[...]
</properties>
  <testcase name="testToString" classname="org.example.LessonsTest" time="0.112"/>
  <testcase name="testGetters" classname="org.example.LessonsTest" time="0.004"/>
  <testcase name="testSetters" classname="org.example.LessonsTest" time="0.004"/>
  <testcase name="testConstructor" classname="org.example.LessonsTest" time="0.004"/>
</testsuite>